\BOOKMARK [0][-]{Doc-Start}{Preface}{}% 1
\BOOKMARK [0][-]{section*.2}{Abstract}{}% 2
\BOOKMARK [0][-]{section*.4}{Extended abstract}{}% 3
\BOOKMARK [0][-]{chapter*.5}{List of Figures}{}% 4
\BOOKMARK [0][-]{chapter*.6}{List of Tables}{}% 5
\BOOKMARK [0][-]{chapter*.7}{List of Algorithms}{}% 6
\BOOKMARK [0][-]{chapter.1}{Introduction}{}% 7
\BOOKMARK [0][-]{chapter.2}{Conventional Chess Engines}{}% 8
\BOOKMARK [1][-]{section.2.1}{Search}{chapter.2}% 9
\BOOKMARK [2][-]{subsection.2.1.1}{Minimax}{section.2.1}% 10
\BOOKMARK [2][-]{subsection.2.1.2}{-pruning}{section.2.1}% 11
\BOOKMARK [2][-]{subsection.2.1.3}{Principal Variation Search}{section.2.1}% 12
\BOOKMARK [2][-]{subsection.2.1.4}{Quiescence Search}{section.2.1}% 13
\BOOKMARK [2][-]{subsection.2.1.5}{Other Search Improvements}{section.2.1}% 14
\BOOKMARK [1][-]{section.2.2}{Evaluation}{chapter.2}% 15
\BOOKMARK [1][-]{section.2.3}{Databases}{chapter.2}% 16
\BOOKMARK [2][-]{subsection.2.3.1}{Opening Books}{section.2.3}% 17
\BOOKMARK [2][-]{subsection.2.3.2}{Endgame Tablebases}{section.2.3}% 18
\BOOKMARK [1][-]{section.2.4}{Conclusion}{chapter.2}% 19
\BOOKMARK [0][-]{chapter.3}{Deep Learning Background}{}% 20
\BOOKMARK [1][-]{section.3.1}{Machine Learning}{chapter.3}% 21
\BOOKMARK [1][-]{section.3.2}{Neural Network}{chapter.3}% 22
\BOOKMARK [2][-]{subsection.3.2.1}{Feedforward Neural Network}{section.3.2}% 23
\BOOKMARK [2][-]{subsection.3.2.2}{Convolutional Neural Network}{section.3.2}% 24
\BOOKMARK [2][-]{subsection.3.2.3}{Deep learning}{section.3.2}% 25
\BOOKMARK [1][-]{section.3.3}{\(Deep\) Reinforcement Learning}{chapter.3}% 26
\BOOKMARK [2][-]{subsection.3.3.1}{Markov Decision Process}{section.3.3}% 27
\BOOKMARK [2][-]{subsection.3.3.2}{Value Prediction}{section.3.3}% 28
\BOOKMARK [2][-]{subsection.3.3.3}{Control}{section.3.3}% 29
\BOOKMARK [2][-]{subsection.3.3.4}{Value and Policy Iteration}{section.3.3}% 30
\BOOKMARK [0][-]{chapter.4}{Deep Reinforcement Learning in Chess \(and other games\)}{}% 31
\BOOKMARK [1][-]{section.4.1}{Feature Space}{chapter.4}% 32
\BOOKMARK [1][-]{section.4.2}{Static Evaluation Function}{chapter.4}% 33
\BOOKMARK [1][-]{section.4.3}{TD algorithms}{chapter.4}% 34
\BOOKMARK [2][-]{subsection.4.3.1}{TD\(\)}{section.4.3}% 35
\BOOKMARK [2][-]{subsection.4.3.2}{TD-directed\(\)}{section.4.3}% 36
\BOOKMARK [2][-]{subsection.4.3.3}{TD-root\(\)}{section.4.3}% 37
\BOOKMARK [2][-]{subsection.4.3.4}{TD-leaf\(\)}{section.4.3}% 38
\BOOKMARK [2][-]{subsection.4.3.5}{TD-stem\(\)}{section.4.3}% 39
\BOOKMARK [1][-]{section.4.4}{Bootstrapping Tree Search}{chapter.4}% 40
\BOOKMARK [1][-]{section.4.5}{Monte Carlo Tree Search}{chapter.4}% 41
\BOOKMARK [2][-]{subsection.4.5.1}{AlphaGo}{section.4.5}% 42
\BOOKMARK [1][-]{section.4.6}{Policy Gradient Reinforcement Learning}{chapter.4}% 43
\BOOKMARK [1][-]{section.4.7}{Monte Carlo Value Initialization}{chapter.4}% 44
\BOOKMARK [0][-]{chapter.5}{Experiments}{}% 45
\BOOKMARK [1][-]{section.5.1}{Goal}{chapter.5}% 46
\BOOKMARK [1][-]{section.5.2}{Metrics}{chapter.5}% 47
\BOOKMARK [2][-]{subsection.5.2.1}{Learning Curves}{section.5.2}% 48
\BOOKMARK [2][-]{subsection.5.2.2}{Optimal Opponent Evaluation}{section.5.2}% 49
\BOOKMARK [2][-]{subsection.5.2.3}{Value Curves}{section.5.2}% 50
\BOOKMARK [2][-]{subsection.5.2.4}{Speed}{section.5.2}% 51
\BOOKMARK [1][-]{section.5.3}{Experimental Setup}{chapter.5}% 52
\BOOKMARK [2][-]{subsection.5.3.1}{Search}{section.5.3}% 53
\BOOKMARK [2][-]{subsection.5.3.2}{Evaluation}{section.5.3}% 54
\BOOKMARK [2][-]{subsection.5.3.3}{Self Play}{section.5.3}% 55
\BOOKMARK [2][-]{subsection.5.3.4}{Implementation}{section.5.3}% 56
\BOOKMARK [0][-]{chapter.6}{Results}{}% 57
\BOOKMARK [1][-]{section.6.1}{Experiment 1: king rook king with uniform sampling}{chapter.6}% 58
\BOOKMARK [1][-]{section.6.2}{Experiment 2: king queen king with sampling from dataset}{chapter.6}% 59
\BOOKMARK [1][-]{section.6.3}{Experiment 3: 3 pieces endgames with sampling from dataset}{chapter.6}% 60
\BOOKMARK [1][-]{section.6.4}{Conclusion}{chapter.6}% 61
\BOOKMARK [0][-]{chapter.7}{Conclusion}{}% 62
\BOOKMARK [0][-]{section*.76}{References}{}% 63
\BOOKMARK [0][-]{appendix.A}{Chess}{}% 64
\BOOKMARK [1][-]{section.A.1}{Rules}{appendix.A}% 65
\BOOKMARK [2][-]{subsection.A.1.1}{Chess Pieces}{section.A.1}% 66
\BOOKMARK [2][-]{subsection.A.1.2}{Special Positions}{section.A.1}% 67
\BOOKMARK [2][-]{subsection.A.1.3}{Special Moves}{section.A.1}% 68
\BOOKMARK [2][-]{subsection.A.1.4}{Termination}{section.A.1}% 69
\BOOKMARK [1][-]{section.A.2}{Evaluation of Strength}{appendix.A}% 70
\BOOKMARK [1][-]{section.A.3}{Chess Jargon}{appendix.A}% 71
